
  .   ____          _            __ _ _
 /\\ / ___'_ __ _ _(_)_ __  __ _ \ \ \ \
( ( )\___ | '_ | '_| | '_ \/ _` | \ \ \ \
 \\/  ___)| |_)| | | | | || (_| |  ) ) ) )
  '  |____| .__|_| |_|_| |_\__, | / / / /
 =========|_|==============|___/=/_/_/_/
 :: Spring Boot ::        (v2.3.1.RELEASE)

2024-10-14 15:59:40.452  INFO 9586 --- [           main] com.binzaijun.stock.StockApplication     : Starting StockApplication v1.0 on hcss-ecs-8db7 with PID 9586 (/opt/javaProject/stock/target/stock-1.0.jar started by root in /opt/javaProject/stock)
2024-10-14 15:59:40.454  INFO 9586 --- [           main] com.binzaijun.stock.StockApplication     : No active profile set, falling back to default profiles: default
2024-10-14 15:59:41.355  INFO 9586 --- [           main] .s.d.r.c.RepositoryConfigurationDelegate : Bootstrapping Spring Data JPA repositories in DEFERRED mode.
2024-10-14 15:59:41.382  INFO 9586 --- [           main] .s.d.r.c.RepositoryConfigurationDelegate : Finished Spring Data repository scanning in 16ms. Found 0 JPA repository interfaces.
2024-10-14 15:59:41.501  WARN 9586 --- [           main] o.m.s.mapper.ClassPathMapperScanner      : No MyBatis mapper was found in '[com.binzaijun.stock.service]' package. Please check your configuration.
2024-10-14 15:59:42.210  INFO 9586 --- [           main] o.s.b.w.embedded.tomcat.TomcatWebServer  : Tomcat initialized with port(s): 8080 (http)
2024-10-14 15:59:42.222  INFO 9586 --- [           main] o.apache.catalina.core.StandardService   : Starting service [Tomcat]
2024-10-14 15:59:42.223  INFO 9586 --- [           main] org.apache.catalina.core.StandardEngine  : Starting Servlet engine: [Apache Tomcat/9.0.36]
2024-10-14 15:59:42.296  INFO 9586 --- [           main] o.a.c.c.C.[Tomcat].[localhost].[/]       : Initializing Spring embedded WebApplicationContext
2024-10-14 15:59:42.297  INFO 9586 --- [           main] w.s.c.ServletWebServerApplicationContext : Root WebApplicationContext: initialization completed in 1788 ms
2024-10-14 15:59:42.565  INFO 9586 --- [           main] o.s.s.concurrent.ThreadPoolTaskExecutor  : Initializing ExecutorService 'applicationTaskExecutor'
2024-10-14 15:59:42.573  INFO 9586 --- [           main] o.s.s.c.ThreadPoolTaskScheduler          : Initializing ExecutorService 'taskScheduler'
2024-10-14 15:59:42.582  INFO 9586 --- [           main] com.zaxxer.hikari.HikariDataSource       : HikariPool-1 - Starting...
2024-10-14 15:59:43.287  INFO 9586 --- [           main] com.zaxxer.hikari.HikariDataSource       : HikariPool-1 - Start completed.
2024-10-14 15:59:43.399  INFO 9586 --- [         task-1] o.hibernate.jpa.internal.util.LogHelper  : HHH000204: Processing PersistenceUnitInfo [name: default]
2024-10-14 15:59:43.652  INFO 9586 --- [         task-1] org.hibernate.Version                    : HHH000412: Hibernate ORM core version 5.4.17.Final
 _ _   |_  _ _|_. ___ _ |    _ 
| | |\/|_)(_| | |_\  |_)||_|_\ 
     /               |         
                        3.5.4 
2024-10-14 15:59:44.069  INFO 9586 --- [         task-1] o.hibernate.annotations.common.Version   : HCANN000001: Hibernate Commons Annotations {5.1.0.Final}
2024-10-14 15:59:44.210  WARN 9586 --- [           main] JpaBaseConfiguration$JpaWebConfiguration : spring.jpa.open-in-view is enabled by default. Therefore, database queries may be performed during view rendering. Explicitly configure spring.jpa.open-in-view to disable this warning
2024-10-14 15:59:44.451  INFO 9586 --- [         task-1] org.hibernate.dialect.Dialect            : HHH000400: Using dialect: org.hibernate.dialect.MySQL8Dialect
2024-10-14 15:59:45.652  INFO 9586 --- [           main] o.s.b.w.embedded.tomcat.TomcatWebServer  : Tomcat started on port(s): 8080 (http) with context path ''
2024-10-14 15:59:45.653  INFO 9586 --- [           main] DeferredRepositoryInitializationListener : Triggering deferred initialization of Spring Data repositories…
2024-10-14 15:59:45.654  INFO 9586 --- [           main] DeferredRepositoryInitializationListener : Spring Data repositories initialized!
2024-10-14 15:59:45.695  INFO 9586 --- [           main] com.binzaijun.stock.StockApplication     : Started StockApplication in 5.981 seconds (JVM running for 6.484)
2024-10-14 15:59:45.742  INFO 9586 --- [         task-1] o.h.e.t.j.p.i.JtaPlatformInitiator       : HHH000490: Using JtaPlatform implementation: [org.hibernate.engine.transaction.jta.platform.internal.NoJtaPlatform]
2024-10-14 15:59:45.753  INFO 9586 --- [         task-1] j.LocalContainerEntityManagerFactoryBean : Initialized JPA EntityManagerFactory for persistence unit 'default'
2024-10-14 16:08:11.881  INFO 9586 --- [nio-8080-exec-3] o.a.c.c.C.[Tomcat].[localhost].[/]       : Initializing Spring DispatcherServlet 'dispatcherServlet'
2024-10-14 16:08:11.882  INFO 9586 --- [nio-8080-exec-3] o.s.web.servlet.DispatcherServlet        : Initializing Servlet 'dispatcherServlet'
2024-10-14 16:08:11.898  INFO 9586 --- [nio-8080-exec-3] o.s.web.servlet.DispatcherServlet        : Completed initialization in 16 ms
2024-10-14 16:08:12.152  INFO 9586 --- [nio-8080-exec-2] com.binzaijun.stock.util.EsUtil          : create es client success
Total Hits: 4576 hits
2024-10-14 16:08:13.014  INFO 9586 --- [nio-8080-exec-4] c.binzaijun.stock.util.StockStringUtil   : v_s_sh600889="1~南京化纤~600889~6.20~0.03~0.49~454532~27978~~22.71~GP-A", String is not empty
2024-10-14 16:08:13.015  INFO 9586 --- [nio-8080-exec-4] c.binzaijun.stock.util.StockStringUtil   : 
v_s_sz000628="51~高新发展~000628~54.29~4.94~10.01~307196~157892~~191.25~GP-A", String is not empty
2024-10-14 16:08:13.015  WARN 9586 --- [nio-8080-exec-4] c.binzaijun.stock.util.StockStringUtil   : 
, String is empty or contains only white spaces
Document ID: sz000001
Document Source: {"stock_name":"平安银行","stock_symbol":"sz000001","stock_category":"主板","listing_date":"1991-04-03","total_share_capital":19405918198,"circulating_shares":19405571850,"industry":"J 金融业"}
Document ID: sz000002
Document Source: {"stock_name":"万  科Ａ","stock_symbol":"sz000002","stock_category":"主板","listing_date":"1991-01-29","total_share_capital":9724196533,"circulating_shares":9716935865,"industry":"K 房地产"}
Document ID: sz000004
Document Source: {"stock_name":"国华网安","stock_symbol":"sz000004","stock_category":"主板","listing_date":"1990-12-01","total_share_capital":132380282,"circulating_shares":126288093,"industry":"I 信息技术"}
Document ID: sz000006
Document Source: {"stock_name":"深振业Ａ","stock_symbol":"sz000006","stock_category":"主板","listing_date":"1992-04-27","total_share_capital":1349995046,"circulating_shares":1349987396,"industry":"K 房地产"}
Document ID: sz000007
Document Source: {"stock_name":"全新好","stock_symbol":"sz000007","stock_category":"主板","listing_date":"1992-04-13","total_share_capital":346448044,"circulating_shares":308948044,"industry":"K 房地产"}
Document ID: sz000008
Document Source: {"stock_name":"神州高铁","stock_symbol":"sz000008","stock_category":"主板","listing_date":"1992-05-07","total_share_capital":2716377683,"circulating_shares":2686008610,"industry":"C 制造业"}
Document ID: sz000009
Document Source: {"stock_name":"中国宝安","stock_symbol":"sz000009","stock_category":"主板","listing_date":"1991-06-25","total_share_capital":2579213965,"circulating_shares":2551430324,"industry":"J 金融业"}
Document ID: sz000010
Document Source: {"stock_name":"美丽生态","stock_symbol":"sz000010","stock_category":"主板","listing_date":"1995-10-27","total_share_capital":1149652292,"circulating_shares":525951361,"industry":"E 建筑业"}
Document ID: sz000011
Document Source: {"stock_name":"深物业A","stock_symbol":"sz000011","stock_category":"主板","listing_date":"1992-03-30","total_share_capital":528373849,"circulating_shares":526475543,"industry":"K 房地产"}
Document ID: sz000012
Document Source: {"stock_name":"南  玻Ａ","stock_symbol":"sz000012","stock_category":"主板","listing_date":"1992-02-28","total_share_capital":1961323047,"circulating_shares":1959267327,"industry":"C 制造业"}
2024-10-14 16:08:15.584  INFO 9586 --- [nio-8080-exec-5] c.b.stock.controller.StockController     : 开始获取股票异动信息,获取异动类型：[8201, 8193, 8202, 4]
2024-10-14 16:08:15.585  INFO 9586 --- [nio-8080-exec-5] com.binzaijun.stock.util.StockDataUtil   : 开始获取东方财富股票异动接口信息...
2024-10-14 16:08:16.123  INFO 9586 --- [nio-8080-exec-5] com.binzaijun.stock.util.StockDataUtil   : 获取获取股票异动信息结束，获取条数: 2367
2024-10-14 16:08:16.134  INFO 9586 --- [nio-8080-exec-5] c.b.stock.controller.StockController     : 获取股票异动信息结束
2024-10-14 16:21:02.618  INFO 9586 --- [nio-8080-exec-6] c.b.stock.controller.StockController     : 开始获取股票异动信息,获取异动类型：[8201, 8193, 8202, 4]
2024-10-14 16:21:02.618  INFO 9586 --- [nio-8080-exec-6] com.binzaijun.stock.util.StockDataUtil   : 开始获取东方财富股票异动接口信息...
2024-10-14 16:21:02.978  INFO 9586 --- [nio-8080-exec-6] com.binzaijun.stock.util.StockDataUtil   : 获取获取股票异动信息结束，获取条数: 2367
2024-10-14 16:21:02.981  INFO 9586 --- [nio-8080-exec-6] c.b.stock.controller.StockController     : 获取股票异动信息结束
2024-10-14 16:21:04.989  INFO 9586 --- [nio-8080-exec-7] c.b.stock.controller.StockController     : 开始获取股票异动信息,获取异动类型：[8201, 8193, 8202, 4]
2024-10-14 16:21:04.989  INFO 9586 --- [nio-8080-exec-7] com.binzaijun.stock.util.StockDataUtil   : 开始获取东方财富股票异动接口信息...
2024-10-14 16:21:05.111  INFO 9586 --- [nio-8080-exec-7] com.binzaijun.stock.util.StockDataUtil   : 获取获取股票异动信息结束，获取条数: 2367
2024-10-14 16:21:05.124  INFO 9586 --- [nio-8080-exec-7] c.b.stock.controller.StockController     : 获取股票异动信息结束
2024-10-14 16:21:06.024  INFO 9586 --- [nio-8080-exec-9] com.binzaijun.stock.util.EsUtil          : create es client success
Total Hits: 4576 hits
Document ID: sz000001
Document Source: {"stock_name":"平安银行","stock_symbol":"sz000001","stock_category":"主板","listing_date":"1991-04-03","total_share_capital":19405918198,"circulating_shares":19405571850,"industry":"J 金融业"}
Document ID: sz000002
Document Source: {"stock_name":"万  科Ａ","stock_symbol":"sz000002","stock_category":"主板","listing_date":"1991-01-29","total_share_capital":9724196533,"circulating_shares":9716935865,"industry":"K 房地产"}
Document ID: sz000004
Document Source: {"stock_name":"国华网安","stock_symbol":"sz000004","stock_category":"主板","listing_date":"1990-12-01","total_share_capital":132380282,"circulating_shares":126288093,"industry":"I 信息技术"}
Document ID: sz000006
Document Source: {"stock_name":"深振业Ａ","stock_symbol":"sz000006","stock_category":"主板","listing_date":"1992-04-27","total_share_capital":1349995046,"circulating_shares":1349987396,"industry":"K 房地产"}
Document ID: sz000007
Document Source: {"stock_name":"全新好","stock_symbol":"sz000007","stock_category":"主板","listing_date":"1992-04-13","total_share_capital":346448044,"circulating_shares":308948044,"industry":"K 房地产"}
Document ID: sz000008
Document Source: {"stock_name":"神州高铁","stock_symbol":"sz000008","stock_category":"主板","listing_date":"1992-05-07","total_share_capital":2716377683,"circulating_shares":2686008610,"industry":"C 制造业"}
Document ID: sz000009
Document Source: {"stock_name":"中国宝安","stock_symbol":"sz000009","stock_category":"主板","listing_date":"1991-06-25","total_share_capital":2579213965,"circulating_shares":2551430324,"industry":"J 金融业"}
Document ID: sz000010
Document Source: {"stock_name":"美丽生态","stock_symbol":"sz000010","stock_category":"主板","listing_date":"1995-10-27","total_share_capital":1149652292,"circulating_shares":525951361,"industry":"E 建筑业"}
Document ID: sz000011
Document Source: {"stock_name":"深物业A","stock_symbol":"sz000011","stock_category":"主板","listing_date":"1992-03-30","total_share_capital":528373849,"circulating_shares":526475543,"industry":"K 房地产"}
Document ID: sz000012
Document Source: {"stock_name":"南  玻Ａ","stock_symbol":"sz000012","stock_category":"主板","listing_date":"1992-02-28","total_share_capital":1961323047,"circulating_shares":1959267327,"industry":"C 制造业"}
2024-10-14 16:21:06.171  INFO 9586 --- [io-8080-exec-10] c.binzaijun.stock.util.StockStringUtil   : v_s_sh600889="1~南京化纤~600889~6.20~0.03~0.49~454532~27978~~22.71~GP-A", String is not empty
2024-10-14 16:21:06.171  INFO 9586 --- [io-8080-exec-10] c.binzaijun.stock.util.StockStringUtil   : 
v_s_sz000628="51~高新发展~000628~54.29~4.94~10.01~307196~157892~~191.25~GP-A", String is not empty
2024-10-14 16:21:06.171  WARN 9586 --- [io-8080-exec-10] c.binzaijun.stock.util.StockStringUtil   : 
, String is empty or contains only white spaces
2024-10-14 16:21:06.647  INFO 9586 --- [io-8080-exec-11] c.b.stock.controller.StockController     : 开始获取股票异动信息,获取异动类型：[8201, 8193, 8202, 4]
2024-10-14 16:21:06.647  INFO 9586 --- [io-8080-exec-11] com.binzaijun.stock.util.StockDataUtil   : 开始获取东方财富股票异动接口信息...
2024-10-14 16:21:06.767  INFO 9586 --- [io-8080-exec-11] com.binzaijun.stock.util.StockDataUtil   : 获取获取股票异动信息结束，获取条数: 2367
2024-10-14 16:21:06.770  INFO 9586 --- [io-8080-exec-11] c.b.stock.controller.StockController     : 获取股票异动信息结束
2024-10-14 16:22:18.787  INFO 9586 --- [io-8080-exec-12] com.binzaijun.stock.util.EsUtil          : create es client success
Total Hits: 4576 hits
Document ID: sz000001
Document Source: {"stock_name":"平安银行","stock_symbol":"sz000001","stock_category":"主板","listing_date":"1991-04-03","total_share_capital":19405918198,"circulating_shares":19405571850,"industry":"J 金融业"}
Document ID: sz000002
Document Source: {"stock_name":"万  科Ａ","stock_symbol":"sz000002","stock_category":"主板","listing_date":"1991-01-29","total_share_capital":9724196533,"circulating_shares":9716935865,"industry":"K 房地产"}
Document ID: sz000004
Document Source: {"stock_name":"国华网安","stock_symbol":"sz000004","stock_category":"主板","listing_date":"1990-12-01","total_share_capital":132380282,"circulating_shares":126288093,"industry":"I 信息技术"}
Document ID: sz000006
Document Source: {"stock_name":"深振业Ａ","stock_symbol":"sz000006","stock_category":"主板","listing_date":"1992-04-27","total_share_capital":1349995046,"circulating_shares":1349987396,"industry":"K 房地产"}
Document ID: sz000007
Document Source: {"stock_name":"全新好","stock_symbol":"sz000007","stock_category":"主板","listing_date":"1992-04-13","total_share_capital":346448044,"circulating_shares":308948044,"industry":"K 房地产"}
Document ID: sz000008
Document Source: {"stock_name":"神州高铁","stock_symbol":"sz000008","stock_category":"主板","listing_date":"1992-05-07","total_share_capital":2716377683,"circulating_shares":2686008610,"industry":"C 制造业"}
Document ID: sz000009
Document Source: {"stock_name":"中国宝安","stock_symbol":"sz000009","stock_category":"主板","listing_date":"1991-06-25","total_share_capital":2579213965,"circulating_shares":2551430324,"industry":"J 金融业"}
Document ID: sz000010
Document Source: {"stock_name":"美丽生态","stock_symbol":"sz000010","stock_category":"主板","listing_date":"1995-10-27","total_share_capital":1149652292,"circulating_shares":525951361,"industry":"E 建筑业"}
Document ID: sz000011
Document Source: {"stock_name":"深物业A","stock_symbol":"sz000011","stock_category":"主板","listing_date":"1992-03-30","total_share_capital":528373849,"circulating_shares":526475543,"industry":"K 房地产"}
Document ID: sz000012
Document Source: {"stock_name":"南  玻Ａ","stock_symbol":"sz000012","stock_category":"主板","listing_date":"1992-02-28","total_share_capital":1961323047,"circulating_shares":1959267327,"industry":"C 制造业"}
2024-10-14 16:22:18.973  INFO 9586 --- [nio-8080-exec-1] c.binzaijun.stock.util.StockStringUtil   : v_s_sh600889="1~南京化纤~600889~6.20~0.03~0.49~454532~27978~~22.71~GP-A", String is not empty
2024-10-14 16:22:18.973  INFO 9586 --- [nio-8080-exec-1] c.binzaijun.stock.util.StockStringUtil   : 
v_s_sz000628="51~高新发展~000628~54.29~4.94~10.01~307196~157892~~191.25~GP-A", String is not empty
2024-10-14 16:22:18.973  WARN 9586 --- [nio-8080-exec-1] c.binzaijun.stock.util.StockStringUtil   : 
, String is empty or contains only white spaces
2024-10-14 16:22:21.660  INFO 9586 --- [io-8080-exec-14] c.b.stock.controller.StockController     : 获取sh600889的k线数据
[{"day":"2024-07-12","open":"5.130","high":"5.290","low":"5.120","close":"5.180","volume":"19700300","ma_price5":5.21,"ma_volume5":27817561,"ma_price10":5.359,"ma_volume10":30225723,"ma_price20":5.505,"ma_volume20":39231441},{"day":"2024-07-15","open":"5.190","high":"5.230","low":"4.970","close":"4.990","volume":"18480984","ma_price5":5.17,"ma_volume5":24828118,"ma_price10":5.261,"ma_volume10":26604245,"ma_price20":5.515,"ma_volume20":39349710},{"day":"2024-07-16","open":"4.970","high":"5.130","low":"4.870","close":"5.020","volume":"14578788","ma_price5":5.096,"ma_volume5":20047439,"ma_price10":5.19,"ma_volume10":24637925,"ma_price20":5.525,"ma_volume20":39377241},{"day":"2024-07-17","open":"5.000","high":"5.020","low":"4.860","close":"4.860","volume":"16271341","ma_price5":5.042,"ma_volume5":17926903,"ma_price10":5.13,"ma_volume10":23482127,"ma_price20":5.504,"ma_volume20":37723234},{"day":"2024-07-18","open":"4.800","high":"4.820","low":"4.660","close":"4.730","volume":"15226494","ma_price5":4.956,"ma_volume5":16851581,"ma_price10":5.081,"ma_volume10":22269222,"ma_price20":5.449,"ma_volume20":34867454},{"day":"2024-07-19","open":"4.740","high":"4.810","low":"4.660","close":"4.760","volume":"14083096","ma_price5":4.872,"ma_volume5":15728141,"ma_price10":5.041,"ma_volume10":21772851,"ma_price20":5.367,"ma_volume20":31234820},{"day":"2024-07-22","open":"4.760","high":"4.830","low":"4.740","close":"4.790","volume":"9736201","ma_price5":4.832,"ma_volume5":13979184,"ma_price10":5.001,"ma_volume10":19403651,"ma_price20":5.319,"ma_volume20":30884350},{"day":"2024-07-23","open":"4.780","high":"5.170","low":"4.750","close":"4.990","volume":"30909415","ma_price5":4.826,"ma_volume5":17245309,"ma_price10":4.961,"ma_volume10":18646374,"ma_price20":5.254,"ma_volume20":28423163},{"day":"2024-07-24","open":"4.850","high":"4.900","low":"4.730","close":"4.760","volume":"17439002","ma_price5":4.806,"ma_volume5":17478842,"ma_price10":4.924,"ma_volume10":17702872,"ma_price20":5.197,"ma_volume20":26378341},{"day":"2024-07-25","open":"4.750","high":"4.750","low":"4.590","close":"4.650","volume":"13796895","ma_price5":4.79,"ma_volume5":17192922,"ma_price10":4.873,"ma_volume10":17022252,"ma_price20":5.137,"ma_volume20":24637577},{"day":"2024-07-26","open":"4.610","high":"4.760","low":"4.610","close":"4.700","volume":"10636601","ma_price5":4.778,"ma_volume5":16503623,"ma_price10":4.825,"ma_volume10":16115882,"ma_price20":5.092,"ma_volume20":23170802},{"day":"2024-07-29","open":"4.700","high":"4.870","low":"4.690","close":"4.780","volume":"14116695","ma_price5":4.776,"ma_volume5":17379722,"ma_price10":4.804,"ma_volume10":15679453,"ma_price20":5.033,"ma_volume20":21141849},{"day":"2024-07-30","open":"4.770","high":"4.820","low":"4.660","close":"4.790","volume":"12527200","ma_price5":4.736,"ma_volume5":13703279,"ma_price10":4.781,"ma_volume10":15474294,"ma_price20":4.986,"ma_volume20":20056109},{"day":"2024-07-31","open":"4.800","high":"4.980","low":"4.790","close":"4.950","volume":"18368188","ma_price5":4.774,"ma_volume5":13889116,"ma_price10":4.79,"ma_volume10":15683979,"ma_price20":4.96,"ma_volume20":19583053},{"day":"2024-08-01","open":"4.920","high":"4.990","low":"4.890","close":"4.940","volume":"13006802","ma_price5":4.832,"ma_volume5":13731097,"ma_price10":4.811,"ma_volume10":15462010,"ma_price20":4.946,"ma_volume20":18865616},{"day":"2024-08-02","open":"4.960","high":"5.190","low":"4.920","close":"5.000","volume":"27454700","ma_price5":4.892,"ma_volume5":17094717,"ma_price10":4.835,"ma_volume10":16799170,"ma_price20":4.938,"ma_volume20":19286010},{"day":"2024-08-05","open":"4.920","high":"4.930","low":"4.730","close":"4.740","volume":"18564400","ma_price5":4.884,"ma_volume5":17984258,"ma_price10":4.83,"ma_volume10":17681990,"ma_price20":4.916,"ma_volume20":18542820},{"day":"2024-08-06","open":"4.740","high":"4.830","low":"4.690","close":"4.810","volume":"11996501","ma_price5":4.888,"ma_volume5":17878118,"ma_price10":4.812,"ma_volume10":15790698,"ma_price20":4.887,"ma_volume20":17218536},{"day":"2024-08-07","open":"4.760","high":"4.830","low":"4.750","close":"4.800","volume":"8558550","ma_price5":4.858,"ma_volume5":15916191,"ma_price10":4.816,"ma_volume10":14902653,"ma_price20":4.87,"ma_volume20":16302763},{"day":"2024-08-08","open":"4.800","high":"5.280","low":"4.710","close":"5.280","volume":"27546801","ma_price5":4.926,"ma_volume5":18824190,"ma_price10":4.879,"ma_volume10":16277644,"ma_price20":4.876,"ma_volume20":16649948},{"day":"2024-08-09","open":"5.310","high":"5.800","low":"5.170","close":"5.460","volume":"58676343","ma_price5":5.018,"ma_volume5":25068519,"ma_price10":4.955,"ma_volume10":21081618,"ma_price20":4.89,"ma_volume20":18598750},{"day":"2024-08-12","open":"5.370","high":"5.370","low":"5.130","close":"5.150","volume":"29578300","ma_price5":5.1,"ma_volume5":27271299,"ma_price10":4.992,"ma_volume10":22627779,"ma_price20":4.898,"ma_volume20":19153616},{"day":"2024-08-13","open":"5.180","high":"5.670","low":"5.050","close":"5.670","volume":"45038611","ma_price5":5.272,"ma_volume5":33879721,"ma_price10":5.08,"ma_volume10":25878920,"ma_price20":4.931,"ma_volume20":20676607},{"day":"2024-08-14","open":"5.750","high":"6.190","low":"5.450","close":"5.650","volume":"67527661","ma_price5":5.442,"ma_volume5":45673543,"ma_price10":5.15,"ma_volume10":30794867,"ma_price20":4.97,"ma_volume20":23239423},{"day":"2024-08-15","open":"5.550","high":"5.800","low":"5.420","close":"5.650","volume":"40614534","ma_price5":5.516,"ma_volume5":48287090,"ma_price10":5.221,"ma_volume10":33555640,"ma_price20":5.016,"ma_volume20":24508825},{"day":"2024-08-16","open":"5.630","high":"5.640","low":"5.320","close":"5.330","volume":"35076434","ma_price5":5.49,"ma_volume5":43567108,"ma_price10":5.254,"ma_volume10":34317814,"ma_price20":5.045,"ma_volume20":25558492},{"day":"2024-08-19","open":"5.340","high":"5.560","low":"5.220","close":"5.350","volume":"33902219","ma_price5":5.53,"ma_volume5":44431892,"ma_price10":5.315,"ma_volume10":35851595,"ma_price20":5.073,"ma_volume20":26766793},{"day":"2024-08-20","open":"5.190","high":"5.290","low":"5.100","close":"5.130","volume":"24220318","ma_price5":5.422,"ma_volume5":40268233,"ma_price10":5.347,"ma_volume10":37073977,"ma_price20":5.08,"ma_volume20":26432338},{"day":"2024-08-21","open":"5.000","high":"5.050","low":"4.870","close":"4.970","volume":"20933600","ma_price5":5.286,"ma_volume5":30949421,"ma_price10":5.364,"ma_volume10":38311482,"ma_price20":5.09,"ma_volume20":26607068},{"day":"2024-08-22","open":"4.960","high":"4.980","low":"4.790","close":"4.800","volume":"17334000","ma_price5":5.116,"ma_volume5":26293314,"ma_price10":5.316,"ma_volume10":37290202,"ma_price20":5.098,"ma_volume20":26783923},{"day":"2024-08-23","open":"4.770","high":"4.920","low":"4.690","close":"4.820","volume":"14383801","ma_price5":5.014,"ma_volume5":22154788,"ma_price10":5.252,"ma_volume10":32860948,"ma_price20":5.104,"ma_volume20":26971283},{"day":"2024-08-26","open":"4.840","high":"4.950","low":"4.730","close":"4.910","volume":"14553300","ma_price5":4.926,"ma_volume5":18285004,"ma_price10":5.228,"ma_volume10":31358448,"ma_price20":5.11,"ma_volume20":26993113},{"day":"2024-08-27","open":"4.890","high":"4.920","low":"4.720","close":"4.750","volume":"13202600","ma_price5":4.85,"ma_volume5":16081460,"ma_price10":5.136,"ma_volume10":28174847,"ma_price20":5.108,"ma_volume20":27026883},{"day":"2024-08-28","open":"4.700","high":"4.790","low":"4.660","close":"4.720","volume":"8256300","ma_price5":4.8,"ma_volume5":13546000,"ma_price10":5.043,"ma_volume10":22247711,"ma_price20":5.097,"ma_volume20":26521289},{"day":"2024-08-29","open":"4.700","high":"4.790","low":"4.620","close":"4.770","volume":"10100200","ma_price5":4.794,"ma_volume5":12099240,"ma_price10":4.955,"ma_volume10":19196277,"ma_price20":5.088,"ma_volume20":26375959},{"day":"2024-08-30","open":"4.720","high":"4.930","low":"4.720","close":"4.850","volume":"16896901","ma_price5":4.8,"ma_volume5":12601860,"ma_price10":4.907,"ma_volume10":17378324,"ma_price20":5.081,"ma_volume20":25848069},{"day":"2024-09-02","open":"4.870","high":"4.880","low":"4.740","close":"4.740","volume":"11414000","ma_price5":4.766,"ma_volume5":11974000,"ma_price10":4.846,"ma_volume10":15129502,"ma_price20":5.081,"ma_volume20":25490549},{"day":"2024-09-03","open":"4.740","high":"4.770","low":"4.700","close":"4.760","volume":"7273200","ma_price5":4.768,"ma_volume5":10788120,"ma_price10":4.809,"ma_volume10":13434790,"ma_price20":5.078,"ma_volume20":25254384},{"day":"2024-09-04","open":"4.770","high":"4.780","low":"4.660","close":"4.680","volume":"9418200","ma_price5":4.76,"ma_volume5":11020500,"ma_price10":4.78,"ma_volume10":12283250,"ma_price20":5.072,"ma_volume20":25297366},{"day":"2024-09-05","open":"4.680","high":"4.900","low":"4.660","close":"4.820","volume":"14387671","ma_price5":4.77,"ma_volume5":11877994,"ma_price10":4.782,"ma_volume10":11988617,"ma_price20":5.049,"ma_volume20":24639410},{"day":"2024-09-06","open":"4.770","high":"4.930","low":"4.720","close":"4.860","volume":"19777199","ma_price5":4.772,"ma_volume5":12454054,"ma_price10":4.786,"ma_volume10":12527957,"ma_price20":5.019,"ma_volume20":22694452},{"day":"2024-09-09","open":"4.820","high":"5.320","low":"4.750","close":"5.100","volume":"28947078","ma_price5":4.844,"ma_volume5":15960670,"ma_price10":4.805,"ma_volume10":13967335,"ma_price20":5.017,"ma_volume20":22662891},{"day":"2024-09-10","open":"5.100","high":"5.100","low":"4.840","close":"4.970","volume":"20384777","ma_price5":4.886,"ma_volume5":18582985,"ma_price10":4.827,"ma_volume10":14685553,"ma_price20":4.982,"ma_volume20":21430200},{"day":"2024-09-11","open":"4.900","high":"4.990","low":"4.860","close":"4.900","volume":"9589399","ma_price5":4.93,"ma_volume5":18617225,"ma_price10":4.845,"ma_volume10":14818863,"ma_price20":4.944,"ma_volume20":18533287},{"day":"2024-09-12","open":"4.890","high":"4.930","low":"4.780","close":"4.800","volume":"10694099","ma_price5":4.926,"ma_volume5":17878510,"ma_price10":4.848,"ma_volume10":14878252,"ma_price20":4.902,"ma_volume20":17037265},{"day":"2024-09-13","open":"4.770","high":"5.090","low":"4.750","close":"4.900","volume":"18064799","ma_price5":4.934,"ma_volume5":17536030,"ma_price10":4.853,"ma_volume10":14995042,"ma_price20":4.88,"ma_volume20":16186683},{"day":"2024-09-18","open":"4.860","high":"5.060","low":"4.770","close":"5.000","volume":"17982850","ma_price5":4.914,"ma_volume5":15343185,"ma_price10":4.879,"ma_volume10":15651927,"ma_price20":4.863,"ma_volume20":15390715},{"day":"2024-09-19","open":"5.000","high":"5.130","low":"4.890","close":"5.030","volume":"20816951","ma_price5":4.926,"ma_volume5":15429620,"ma_price10":4.906,"ma_volume10":17006302,"ma_price20":4.858,"ma_volume20":15220546},{"day":"2024-09-20","open":"4.970","high":"5.020","low":"4.930","close":"4.950","volume":"11727600","ma_price5":4.936,"ma_volume5":15857260,"ma_price10":4.933,"ma_volume10":17237242,"ma_price20":4.857,"ma_volume20":14760246},{"day":"2024-09-23","open":"4.950","high":"4.950","low":"4.860","close":"4.900","volume":"11002801","ma_price5":4.956,"ma_volume5":15919000,"ma_price10":4.941,"ma_volume10":16898755,"ma_price20":4.862,"ma_volume20":14443686},{"day":"2024-09-24","open":"4.900","high":"5.220","low":"4.890","close":"5.080","volume":"23868100","ma_price5":4.992,"ma_volume5":17079660,"ma_price10":4.963,"ma_volume10":17307845,"ma_price20":4.875,"ma_volume20":14917901},{"day":"2024-09-25","open":"5.080","high":"5.280","low":"5.080","close":"5.100","volume":"28733490","ma_price5":5.012,"ma_volume5":19229788,"ma_price10":4.963,"ma_volume10":17286487,"ma_price20":4.884,"ma_volume20":15626911},{"day":"2024-09-26","open":"5.060","high":"5.200","low":"5.060","close":"5.190","volume":"21924501","ma_price5":5.044,"ma_volume5":19451298,"ma_price10":4.985,"ma_volume10":17440459,"ma_price20":4.906,"ma_volume20":16063006},{"day":"2024-09-27","open":"5.240","high":"5.390","low":"5.180","close":"5.350","volume":"23421279","ma_price5":5.124,"ma_volume5":21790034,"ma_price10":5.03,"ma_volume10":18823647,"ma_price20":4.938,"ma_volume20":16821255},{"day":"2024-09-30","open":"5.490","high":"5.860","low":"5.320","close":"5.770","volume":"49556146","ma_price5":5.298,"ma_volume5":29500703,"ma_price10":5.127,"ma_volume10":22709852,"ma_price20":4.988,"ma_volume20":18794052},{"day":"2024-10-08","open":"6.300","high":"6.350","low":"5.600","close":"6.000","volume":"49062825","ma_price5":5.482,"ma_volume5":34539648,"ma_price10":5.237,"ma_volume10":25809654,"ma_price20":5.045,"ma_volume20":20402348},{"day":"2024-10-09","open":"5.980","high":"6.000","low":"5.400","close":"5.400","volume":"28329502","ma_price5":5.542,"ma_volume5":34458851,"ma_price10":5.277,"ma_volume10":26844320,"ma_price20":5.078,"ma_volume20":21248123},{"day":"2024-10-10","open":"5.330","high":"5.940","low":"5.260","close":"5.940","volume":"31331601","ma_price5":5.692,"ma_volume5":36340271,"ma_price10":5.368,"ma_volume10":27895785,"ma_price20":5.137,"ma_volume20":22451043},{"day":"2024-10-11","open":"6.060","high":"6.420","low":"5.680","close":"6.170","volume":"76181032","ma_price5":5.856,"ma_volume5":46892221,"ma_price10":5.49,"ma_volume10":34341128,"ma_price20":5.212,"ma_volume20":25789185},{"day":"2024-10-14","open":"5.960","high":"6.350","low":"5.930","close":"6.200","volume":"45453213","ma_price5":5.942,"ma_volume5":46071635,"ma_price10":5.62,"ma_volume10":37786169,"ma_price20":5.281,"ma_volume20":27342462}]
